<?xml version="1.0" encoding="UTF-8"?>
<!-- Generated by org.testng.reporters.JUnitXMLReporter -->
<testsuite ignored="0" hostname="E0500743" failures="0" tests="4" name="Check24" time="24.437" errors="0" timestamp="2022-05-01T00:01:04 EET">
  <testcase classname="UI_Tests.FormTests" name="test_form_page" time="9.714"/>
  <testcase classname="RestAPI.RestAPIsTests" name="checkNotFound" time="3.009"/>
  <testcase classname="RestAPI.RestAPIsTests" name="checkNoContent" time="0.581"/>
  <testcase classname="RestAPI.RestAPIsTests" name="checkValidContent" time="0.747"/>
</testsuite> <!-- Check24 -->
